C51 COMPILER V9.59.0.0   RECEIVE                                                           06/28/2024 21:41:23 PAGE 1   


C51 COMPILER V9.59.0.0, COMPILATION OF MODULE RECEIVE
OBJECT MODULE PLACED IN .\Objects\receive.obj
COMPILER INVOKED BY: D:\keil5\C51\BIN\C51.EXE receive.c OPTIMIZE(8,SPEED) BROWSE DEBUG OBJECTEXTEND PRINT(.\Listings\rec
                    -eive.lst) TABS(2) OBJECT(.\Objects\receive.obj)

line level    source

   1          #include <reg52.h>
   2          
   3          #define SEG_DATA_Port P0
   4          
   5          unsigned char NixieTable[]={0xC0, 0xF9, 0xA4, 0xB0, 0x99, 0x92, 0x82, 0xF8, 0x80, 0x90, 0x88, 0x83, 0xC6, 
             -0xA1, 0x86, 0x8E};
   6          void UART_Init(void)
   7          {
   8   1        SCON=0x50;
   9   1        PCON |= 0x80;
  10   1        TMOD &= 0x0F;
  11   1        TMOD |= 0x20;
  12   1        TL1 = 0xF3;
  13   1        TH1 = 0xF3;
  14   1        ET1 = 0;
  15   1        TR1 = 1;
  16   1        EA=1;
  17   1        ES=1;
  18   1      }
  19          
  20          
  21          void Nixie_Data_Out(unsigned char num)
  22          {
  23   1        SEG_DATA_Port = NixieTable[num];
  24   1      }
  25          
  26          void Nixie_Display(unsigned char num)
  27          {
  28   1        Nixie_Data_Out(num);
  29   1      }
  30          
  31          
  32          unsigned char key_num = 0;
  33          
  34          void main()
  35          {
  36   1        UART_Init();
  37   1        P1=0xFF;
  38   1        while(1)
  39   1        {
  40   2          if(key_num!=16)
  41   2          {
  42   3            Nixie_Display(key_num);
  43   3            key_num=16;
  44   3          }
  45   2        }
  46   1      }
  47          
  48          void UART_Routine() interrupt 4
  49          {
  50   1        if(RI==1)
  51   1        {
  52   2          key_num = SBUF;
  53   2          SBUF=16;
C51 COMPILER V9.59.0.0   RECEIVE                                                           06/28/2024 21:41:23 PAGE 2   

  54   2          RI=0;
  55   2        }
  56   1      }


MODULE INFORMATION:   STATIC OVERLAYABLE
   CODE SIZE        =     72    ----
   CONSTANT SIZE    =   ----    ----
   XDATA SIZE       =   ----    ----
   PDATA SIZE       =   ----    ----
   DATA SIZE        =     17    ----
   IDATA SIZE       =   ----    ----
   BIT SIZE         =   ----    ----
END OF MODULE INFORMATION.


C51 COMPILATION COMPLETE.  0 WARNING(S),  0 ERROR(S)
