C51 COMPILER V9.59.0.0   ADC0832                                                           06/29/2024 19:58:32 PAGE 1   


C51 COMPILER V9.59.0.0, COMPILATION OF MODULE ADC0832
OBJECT MODULE PLACED IN .\Objects\ADC0832.obj
COMPILER INVOKED BY: D:\Keil_v5\C51\BIN\C51.EXE ADC0832.c OPTIMIZE(8,SPEED) BROWSE DEBUG OBJECTEXTEND PRINT(.\Listings\A
                    -DC0832.lst) TABS(2) OBJECT(.\Objects\ADC0832.obj)

line level    source

   1          # include <intrins.h>
   2          #include "ADC0832.h"
   3          #include "LCD1602.h"
   4          
   5          
   6          sbit ADC0832_CS = P3^2;
   7          sbit ADC0832_CLK = P3^3;
   8          sbit ADC0832_DI = P3^4;
   9          sbit ADC0832_DO = P3^4;
  10          
  11          void ADC0832_Init(void)
  12          {
  13   1        ADC0832_CS = 1;
  14   1        ADC0832_CLK = 0;
  15   1        ADC0832_DI = 1;
  16   1      }
  17          
  18          unsigned char ADC0832_receive(void)
  19          {
  20   1        int i;
  21   1        unsigned char result_h, result_l; 
  22   1        ADC0832_Init();
  23   1        ADC0832_CS = 0;//启动片选
  24   1        ADC0832_CLK = 1;
  25   1        ADC0832_CLK = 0;//启动转换(第一个脉冲，初始化时DI始终为高，满足要求)
  26   1         
  27   1        ADC0832_DI = 1;
  28   1        ADC0832_CLK = 1;
  29   1        ADC0832_CLK = 0;
  30   1        ADC0832_DI = 0;
  31   1        ADC0832_CLK = 1;
  32   1        ADC0832_CLK = 0;//选择单端输入，通道0
  33   1      
  34   1        ADC0832_DO = 1;//准备接受数据
  35   1      
  36   1        for(i = 0;i < 8; i++)
  37   1        {
  38   2          ADC0832_CLK = 1;
  39   2          ADC0832_CLK = 0;
  40   2          result_h <<= 1;
  41   2          if(ADC0832_DO == 1) result_h += 1;
  42   2        }
  43   1        for(i = 0;i < 8; i++)
  44   1        {     
  45   2          result_l >>= 1;
  46   2          if(ADC0832_DO == 1) result_l |= 0x80;
  47   2          ADC0832_CLK = 1;
  48   2          ADC0832_CLK = 0;
  49   2      
  50   2        }
  51   1        ADC0832_CLK = 1;
  52   1        ADC0832_DO = 1;
  53   1        ADC0832_CS = 1;//恢复正常状态
  54   1        if(result_l == result_h ) 
C51 COMPILER V9.59.0.0   ADC0832                                                           06/29/2024 19:58:32 PAGE 2   

  55   1        return result_h;
  56   1      }
  57          
  58          void ADC0832_Display(void)
  59          { 
  60   1        
  61   1        unsigned char ad_result;
  62   1        unsigned char VShow[16] = {"voltage:      V "};
  63   1        ad_result =  ADC0832_receive() * 500 / 255;
  64   1        VShow[9] = ad_result / 100 + '0';
  65   1        VShow[10] = '.';
  66   1        VShow[11] = ad_result / 10 % 10 + '0';
  67   1        VShow[12] = ad_result % 10 + '0';
  68   1        LCD_print(0,1,VShow);
  69   1      }
*** WARNING C291 IN LINE 56 OF ADC0832.c: not every exit path returns a value


MODULE INFORMATION:   STATIC OVERLAYABLE
   CODE SIZE        =    185    ----
   CONSTANT SIZE    =     16    ----
   XDATA SIZE       =   ----    ----
   PDATA SIZE       =   ----    ----
   DATA SIZE        =   ----      16
   IDATA SIZE       =   ----    ----
   BIT SIZE         =   ----    ----
END OF MODULE INFORMATION.


C51 COMPILATION COMPLETE.  1 WARNING(S),  0 ERROR(S)
