C51 COMPILER V9.59.0.0   DHT11                                                             06/29/2024 21:19:11 PAGE 1   


C51 COMPILER V9.59.0.0, COMPILATION OF MODULE DHT11
OBJECT MODULE PLACED IN .\Objects\DHT11.obj
COMPILER INVOKED BY: D:\Keil_v5\C51\BIN\C51.EXE DHT11.c OPTIMIZE(8,SPEED) BROWSE DEBUG OBJECTEXTEND PRINT(.\Listings\DHT
                    -11.lst) TABS(2) OBJECT(.\Objects\DHT11.obj)

line level    source

   1          #include <reg52.h>
   2          #include "LCD1602.h"
   3          #include "DHT11.h"
   4          
   5          
   6          unsigned char DHT11_Tem[4];
   7          unsigned char DHT11_Hmd[4];
   8          
   9          void DHT11_delay_us(unsigned char n)
  10          {
  11   1          while(--n);
  12   1      }
  13          unsigned int DHT11_delay_ms(unsigned int z)
  14          {
  15   1         unsigned int i,j;
  16   1         for(i=z;i>0;i--)
  17   1            for(j=110;j>0;j--);
  18   1        return 1;
  19   1      }
  20          void DHT11_start(void)
  21          {
  22   1         Data=1;
  23   1         DHT11_delay_us(2);
  24   1         Data=0;
  25   1         DHT11_delay_ms(30);   
  26   1         Data=1;
  27   1         DHT11_delay_us(30);
  28   1      }
  29          unsigned char DHT11_rec_byte(void)      
  30          {
  31   1         unsigned char i,dat=0;
  32   1        for(i=0;i<8;i++)    
  33   1         {          
  34   2            while(!Data);   
  35   2            DHT11_delay_us(8);    
  36   2            dat<<=1;           
  37   2            if(Data==1)    
  38   2               dat+=1;
  39   2            while(Data);     
  40   2          }  
  41   1          return dat;
  42   1      }
  43          void DHT11_receive(void)     
  44          {
  45   1          unsigned char R_H,R_L,T_H,T_L,RH,RL,TH,TL,revise; 
  46   1          DHT11_start();
  47   1          if(Data==0)
  48   1          {
  49   2              while(Data==0);       
  50   2              DHT11_delay_us(40);  
  51   2              R_H=DHT11_rec_byte();      
  52   2              R_L=DHT11_rec_byte();     
  53   2              T_H=DHT11_rec_byte();     
  54   2              T_L=DHT11_rec_byte();    
C51 COMPILER V9.59.0.0   DHT11                                                             06/29/2024 21:19:11 PAGE 2   

  55   2              revise=DHT11_rec_byte(); 
  56   2              DHT11_delay_us(25);    
  57   2              if((R_H+R_L+T_H+T_L)==revise)      
  58   2              {
  59   3                  RH=R_H;
  60   3                  RL=R_L;
  61   3                  TH=T_H;
  62   3                  TL=T_L;
  63   3              }  
  64   2              DHT11_Tem[0]='0'+(RH/10);
  65   2              DHT11_Tem[1]='0'+(RH%10);
  66   2              DHT11_Tem[2]=' ';
  67   2              DHT11_Tem[3]=' ';
  68   2              DHT11_Hmd[0]='0'+(TH/10);
  69   2              DHT11_Hmd[1]='0'+(TH%10); 
  70   2              DHT11_Hmd[2]=' ';
  71   2          }
  72   1      }
  73          
  74          
  75          
  76          void DHT11_Display(void)
  77          {
  78   1        //LCD_Init();
  79   1        DHT11_receive();
  80   1        LCD_ShowString(0, 2, "sd:");
  81   1        LCD_ShowString(1, 2, "wd:");
  82   1        LCD_ShowString(0, 10,DHT11_Tem);
  83   1        LCD_ShowString(0, 13,"%   ");
  84   1        LCD_ShowString(1, 10,DHT11_Hmd);
  85   1        LCD_ShowString(1, 12," C   ");
  86   1      }


MODULE INFORMATION:   STATIC OVERLAYABLE
   CODE SIZE        =    316    ----
   CONSTANT SIZE    =     19    ----
   XDATA SIZE       =   ----    ----
   PDATA SIZE       =   ----    ----
   DATA SIZE        =      8       6
   IDATA SIZE       =   ----    ----
   BIT SIZE         =   ----    ----
END OF MODULE INFORMATION.


C51 COMPILATION COMPLETE.  0 WARNING(S),  0 ERROR(S)
