C51 COMPILER V9.59.0.0   DIANJI                                                            06/29/2024 19:54:23 PAGE 1   


C51 COMPILER V9.59.0.0, COMPILATION OF MODULE DIANJI
OBJECT MODULE PLACED IN .\Objects\dianji.obj
COMPILER INVOKED BY: D:\Keil_v5\C51\BIN\C51.EXE dianji.c OPTIMIZE(8,SPEED) BROWSE DEBUG OBJECTEXTEND PRINT(.\Listings\di
                    -anji.lst) TABS(2) OBJECT(.\Objects\dianji.obj)

line level    source

   1          #include <reg52.h>
   2          #include <dianji.h>
   3          #include <delay.h>
   4          void zz(int iterations)
   5          {
   6   1        int j;
   7   1          for (j = 0; j < iterations; ++j){
   8   2              IN1 = 1; IN2 = 0; IN3 = 0; IN4 = 1;
   9   2              delay1(500);
  10   2              IN1 = 0; IN2 = 0; IN3 = 0; IN4 = 1;
  11   2              delay1(500);
  12   2              IN1 = 0; IN2 = 0; IN3 = 1; IN4 = 1;
  13   2              delay1(500);
  14   2              IN1 = 0; IN2 = 0; IN3 = 1; IN4 = 0;
  15   2              delay1(500);
  16   2              IN1 = 0; IN2 = 1; IN3 = 1; IN4 = 0;
  17   2              delay1(500);
  18   2              IN1 = 0; IN2 = 1; IN3 = 0; IN4 = 0;
  19   2              delay1(500);
  20   2              IN1 = 1; IN2 = 1; IN3 = 0; IN4 = 0;
  21   2              delay1(500);
  22   2              IN1 = 1; IN2 = 0; IN3 = 0; IN4 = 0;
  23   2              delay1(500);
  24   2          }
  25   1      }
  26          void fz(int iterations){
  27   1        int j;
  28   1              for (j = 0; j < iterations; ++j){
  29   2              IN1 = 1; IN2 = 0; IN3 = 0; IN4 = 0;
  30   2              delay1(500);
  31   2              IN1 = 1; IN2 = 1; IN3 = 0; IN4 = 0;
  32   2              delay1(500);
  33   2              IN1 = 0; IN2 = 1; IN3 = 0; IN4 = 0;
  34   2              delay1(500);
  35   2              IN1 = 0; IN2 = 1; IN3 = 1; IN4 = 0;
  36   2              delay1(500);
  37   2              IN1 = 0; IN2 = 0; IN3 = 1; IN4 = 0;
  38   2              delay1(500);
  39   2              IN1 = 0; IN2 = 0; IN3 = 1; IN4 = 1;
  40   2              delay1(500);
  41   2              IN1 = 0; IN2 = 0; IN3 = 0; IN4 = 1;
  42   2              delay1(500);
  43   2              IN1 = 1; IN2 = 0; IN3 = 0; IN4 = 1;
  44   2              delay1(500);
  45   2            }
  46   1      }
  47          void kz(int iterations)
  48          {
  49   1        int j;
  50   1          for (j = 0; j < iterations; ++j){
  51   2              IN1 = 1; IN2 = 0; IN3 = 0; IN4 = 0;
  52   2              delay1(200);
  53   2              IN1 = 1; IN2 = 1; IN3 = 0; IN4 = 0;
  54   2              delay1(200);
C51 COMPILER V9.59.0.0   DIANJI                                                            06/29/2024 19:54:23 PAGE 2   

  55   2              IN1 = 0; IN2 = 1; IN3 = 0; IN4 = 0;
  56   2              delay1(200);
  57   2              IN1 = 0; IN2 = 1; IN3 = 1; IN4 = 0;
  58   2              delay1(200);
  59   2              IN1 = 0; IN2 = 0; IN3 = 1; IN4 = 0;
  60   2              delay1(200);
  61   2              IN1 = 0; IN2 = 0; IN3 = 1; IN4 = 1;
  62   2              delay1(200);
  63   2              IN1 = 0; IN2 = 0; IN3 = 0; IN4 = 1;
  64   2              delay1(200);
  65   2              IN1 = 1; IN2 = 0; IN3 = 0; IN4 = 1;
  66   2              delay1(200);
  67   2          }
  68   1      }
  69          void mz(int iterations)
  70          {
  71   1        int j;
  72   1          for (j = 0; j < iterations; ++j){
  73   2              IN1 = 1; IN2 = 0; IN3 = 0; IN4 = 0;
  74   2              delay1(1000);
  75   2              IN1 = 1; IN2 = 1; IN3 = 0; IN4 = 0;
  76   2              delay1(1000);
  77   2              IN1 = 0; IN2 = 1; IN3 = 0; IN4 = 0;
  78   2              delay1(1000);
  79   2              IN1 = 0; IN2 = 1; IN3 = 1; IN4 = 0;
  80   2              delay1(1000);
  81   2              IN1 = 0; IN2 = 0; IN3 = 1; IN4 = 0;
  82   2              delay1(1000);
  83   2              IN1 = 0; IN2 = 0; IN3 = 1; IN4 = 1;
  84   2              delay1(1000);
  85   2              IN1 = 0; IN2 = 0; IN3 = 0; IN4 = 1;
  86   2              delay1(1000);
  87   2              IN1 = 1; IN2 = 0; IN3 = 0; IN4 = 1;
  88   2              delay1(1000);
  89   2          }
  90   1      }


MODULE INFORMATION:   STATIC OVERLAYABLE
   CODE SIZE        =    656    ----
   CONSTANT SIZE    =   ----    ----
   XDATA SIZE       =   ----    ----
   PDATA SIZE       =   ----    ----
   DATA SIZE        =   ----      16
   IDATA SIZE       =   ----    ----
   BIT SIZE         =   ----    ----
END OF MODULE INFORMATION.


C51 COMPILATION COMPLETE.  0 WARNING(S),  0 ERROR(S)
