C51 COMPILER V9.59.0.0   LCD1602                                                           06/29/2024 21:21:45 PAGE 1   


C51 COMPILER V9.59.0.0, COMPILATION OF MODULE LCD1602
OBJECT MODULE PLACED IN .\Objects\LCD1602.obj
COMPILER INVOKED BY: D:\Keil_v5\C51\BIN\C51.EXE LCD1602.c OPTIMIZE(8,SPEED) BROWSE DEBUG OBJECTEXTEND PRINT(.\Listings\L
                    -CD1602.lst) TABS(2) OBJECT(.\Objects\LCD1602.obj)

line level    source

   1          #include <REG52.H>
   2          
   3          sbit LCD_RS =P2^4;
   4          sbit LCD_RW =P2^5;
   5          sbit LCD_E  =P2^6;
   6          #define LCD_DataPort P0
   7          
   8          unsigned char code CG_dat1[]={0x04,0x1F,0x15,0x1F,0x15,0x1F,0x07,0x00,0x40};
   9          unsigned char code CG_dat2[]={0x05,0x0B,0x19,0x1F,0x09,0x1D,0x09,0x00,0x48};
  10          unsigned char code CG_dat3[]={0x0A,0x1F,0x04,0x1F,0x1F,0x04,0x1F,0x00,0x50};
  11          unsigned char code CG_dat4[]={0x0E,0x0E,0x15,0x0F,0x14,0x0A,0x1D,0x00,0x58};
  12          unsigned char code CG_dat5[]={0x12,0x0A,0x0F,0x1A,0x07,0x1D,0x17,0x00,0x60};
  13          
  14          void LCD_Delay()    
  15          {
  16   1        unsigned char i, j;
  17   1      
  18   1        i = 2;
  19   1        j = 239;
  20   1        do
  21   1        {
  22   2          while (--j);
  23   2        } while (--i);
  24   1      }
  25          
  26          
  27          void LCD_WriteCommand(unsigned char Command)
  28          {
  29   1        LCD_RS=0;
  30   1        LCD_RW=0;
  31   1        LCD_DataPort=Command;
  32   1        LCD_E=1;
  33   1        LCD_Delay();
  34   1        LCD_E=0;
  35   1        LCD_Delay();
  36   1      }
  37          
  38          void LCD_WriteData(unsigned char Data)
  39          {
  40   1        LCD_RS=1;
  41   1        LCD_RW=0;
  42   1        LCD_DataPort=Data;
  43   1        LCD_E=1;
  44   1        LCD_Delay();
  45   1        LCD_E=0;
  46   1        LCD_Delay();
  47   1      }
  48          
  49          
  50          void LCD_Init(void)
  51          {
  52   1        LCD_WriteCommand(0x38);
  53   1        LCD_WriteCommand(0x0C);
  54   1        LCD_WriteCommand(0x06);
C51 COMPILER V9.59.0.0   LCD1602                                                           06/29/2024 21:21:45 PAGE 2   

  55   1        LCD_WriteCommand(0x01);
  56   1      }
  57          
  58          
  59          void LCD_SetCursor(unsigned char Line,unsigned char Column)
  60          {
  61   1        if(Line==1)
  62   1        {
  63   2          LCD_WriteCommand(0x80|(Column-1));
  64   2        }
  65   1        else
  66   1        {
  67   2          LCD_WriteCommand(0x80|(Column-1)+0x40);
  68   2        }
  69   1      }
  70          
  71          int LCD_Pow(int X,int Y){
  72   1        unsigned char i;
  73   1        int Result=1;
  74   1        for(i=0;i<Y;i++){
  75   2        Result*=X;}
  76   1        return Result;
  77   1      }
  78          
  79          void LCD_ShowNum(unsigned char Line, unsigned char Column,unsigned int Number,unsigned char Length)
  80          {
  81   1        unsigned char i;
  82   1        LCD_SetCursor (Line, Column);
  83   1        for(i=Length;i>0;i--){
  84   2        LCD_WriteData(Number/LCD_Pow(10,i-1)%10+'0');}
  85   1      }
  86          
  87          void LCD_makechar(unsigned char CG_dat[]){
  88   1        unsigned char i;
  89   1        for(i=0;i<8;i++){
  90   2        LCD_WriteCommand(CG_dat[8]+i);
  91   2        LCD_WriteData(CG_dat[i]);
  92   2      }
  93   1      }
  94          void LCD_ShowChar(unsigned char Line,unsigned char Column,unsigned char Char)
  95          {
  96   1        LCD_SetCursor(Line,Column);
  97   1        LCD_WriteData(Char);
  98   1      }
  99          
 100          void LCD_ShowString(unsigned char Line,unsigned char Column,char *String)
 101          {
 102   1        unsigned char i;
 103   1        LCD_SetCursor(Line,Column);
 104   1        for(i=0;String[i]!='\0';i++)
 105   1        {
 106   2          LCD_WriteData(String[i]);
 107   2        }
 108   1      }
 109          
 110          void LCD_print(unsigned char Line,unsigned char Column,unsigned char *text)
 111          {
 112   1        //int i = 2;
 113   1        LCD_SetCursor(Line,Column);
 114   1        while(*text != 0)
 115   1        {
 116   2          LCD_WriteData(*text++);
C51 COMPILER V9.59.0.0   LCD1602                                                           06/29/2024 21:21:45 PAGE 3   

 117   2        }
 118   1      }
 119          
 120          void name(){
 121   1        LCD_makechar(CG_dat1);
 122   1        LCD_makechar(CG_dat2);
 123   1        LCD_makechar(CG_dat3);
 124   1        LCD_makechar(CG_dat4);
 125   1        LCD_makechar(CG_dat5);
 126   1        LCD_ShowChar(1,1,0x00);
 127   1        LCD_ShowChar(1,2,0x01);
 128   1        LCD_ShowNum(1,3,2203,4);
 129   1        LCD_ShowChar(1,7,0x02);
 130   1        LCD_ShowChar(1,8,0x03);
 131   1        LCD_ShowChar(1,9,0x04);
 132   1        LCD_ShowChar(1,10,0x05);
 133   1        LCD_ShowNum(2,1,8212,4);
 134   1        LCD_ShowNum(2,5,2209,4);
 135   1        LCD_ShowNum(2,9,24,2);
 136   1      }


MODULE INFORMATION:   STATIC OVERLAYABLE
   CODE SIZE        =    449    ----
   CONSTANT SIZE    =     45    ----
   XDATA SIZE       =   ----    ----
   PDATA SIZE       =   ----    ----
   DATA SIZE        =   ----      18
   IDATA SIZE       =   ----    ----
   BIT SIZE         =   ----    ----
END OF MODULE INFORMATION.


C51 COMPILATION COMPLETE.  0 WARNING(S),  0 ERROR(S)
