C51 COMPILER V9.59.0.0   MATRIXKEY                                                         06/29/2024 20:55:23 PAGE 1   


C51 COMPILER V9.59.0.0, COMPILATION OF MODULE MATRIXKEY
OBJECT MODULE PLACED IN .\Objects\MatrixKey.obj
COMPILER INVOKED BY: D:\Keil_v5\C51\BIN\C51.EXE MatrixKey.c OPTIMIZE(8,SPEED) BROWSE DEBUG OBJECTEXTEND PRINT(.\Listings
                    -\MatrixKey.lst) TABS(2) OBJECT(.\Objects\MatrixKey.obj)

line level    source

   1          #include "MatrixKey.h"
   2          unsigned char MatrixKey(void)
   3          {
   4   1        unsigned char KeyNumber=0;
   5   1        unsigned char X,Y,Z;
   6   1        P1=0x0f; 
   7   1        if(P1!=0x0f) 
   8   1        {
   9   2          if(P1!=0x0f)
  10   2          {
  11   3            X=P1; 
  12   3            P1=0xf0; 
  13   3            Y=P1;    
  14   3            Z=X|Y; 
  15   3      
  16   3            switch (Z) 
  17   3            {
  18   4              case 0xe7: KeyNumber=0x01; break; 
  19   4              case 0xeb: KeyNumber=0x02; break;
  20   4              case 0xed: KeyNumber=0x03; break;
  21   4              case 0xee: KeyNumber=0x04; break;
  22   4              
  23   4              case 0xd7: KeyNumber=0x05; break;
  24   4              case 0xdb: KeyNumber=0x06; break;
  25   4              case 0xdd: KeyNumber=0x07; break;
  26   4              case 0xde: KeyNumber=0x08; break;
  27   4              
  28   4              case 0xb7: KeyNumber=0x09; break;
  29   4              case 0xbb: KeyNumber=0x0a; break;
  30   4              case 0xbd: KeyNumber=0x0b; break;
  31   4              case 0xbe: KeyNumber=0x0c; break;
  32   4              
  33   4              case 0x77: KeyNumber=0x0d; break;
  34   4              case 0x7b: KeyNumber=0x0e; break;
  35   4              case 0x7d: KeyNumber=0x0f; break;
  36   4              case 0x7e: KeyNumber=0x10; break;
  37   4            }
  38   3           }
  39   2        }
  40   1        return KeyNumber;
  41   1      }
  42          /*
  43          unsigned char MatrixKey(void)
  44          {
  45            unsigned char KeyNumber=0;
  46            
  47            P1=0xF7;
  48            if(P1^7==0){Delay(20);while(P1^7==0);Delay(20);KeyNumber=1;}
  49            if(P1^6==0){Delay(20);while(P1^6==0);Delay(20);KeyNumber=5;}
  50            if(P1^5==0){Delay(20);while(P1^5==0);Delay(20);KeyNumber=9;}
  51            if(P1^4==0){Delay(20);while(P1^4==0);Delay(20);KeyNumber=13;}
  52            
  53            P1=0xFB;
  54            if(P1^7==0){Delay(20);while(P1^7==0);Delay(20);KeyNumber=2;}
C51 COMPILER V9.59.0.0   MATRIXKEY                                                         06/29/2024 20:55:23 PAGE 2   

  55            if(P1^6==0){Delay(20);while(P1^6==0);Delay(20);KeyNumber=6;}
  56            if(P1^5==0){Delay(20);while(P1^5==0);Delay(20);KeyNumber=10;}
  57            if(P1^4==0){Delay(20);while(P1^4==0);Delay(20);KeyNumber=14;}
  58            
  59            P1=0xFD;
  60            if(P1^7==0){Delay(20);while(P1^7==0);Delay(20);KeyNumber=3;}
  61            if(P1^6==0){Delay(20);while(P1^6==0);Delay(20);KeyNumber=7;}
  62            if(P1^5==0){Delay(20);while(P1^5==0);Delay(20);KeyNumber=11;}
  63            if(P1^4==0){Delay(20);while(P1^4==0);Delay(20);KeyNumber=15;}
  64            
  65            P1=0xFE;
  66            if(P1^7==0){Delay(20);while(P1^7==0);Delay(20);KeyNumber=4;}
  67            if(P1^6==0){Delay(20);while(P1^6==0);Delay(20);KeyNumber=8;}
  68            if(P1^5==0){Delay(20);while(P1^5==0);Delay(20);KeyNumber=12;}
  69            if(P1^4==0){Delay(20);while(P1^4==0);Delay(20);KeyNumber=16;}
  70            
  71            return KeyNumber;
  72          }
  73          */


MODULE INFORMATION:   STATIC OVERLAYABLE
   CODE SIZE        =    171    ----
   CONSTANT SIZE    =   ----    ----
   XDATA SIZE       =   ----    ----
   PDATA SIZE       =   ----    ----
   DATA SIZE        =   ----       1
   IDATA SIZE       =   ----    ----
   BIT SIZE         =   ----    ----
END OF MODULE INFORMATION.


C51 COMPILATION COMPLETE.  0 WARNING(S),  0 ERROR(S)
