C51 COMPILER V9.59.0.0   RECEIVE                                                           06/14/2024 17:25:01 PAGE 1   


C51 COMPILER V9.59.0.0, COMPILATION OF MODULE RECEIVE
OBJECT MODULE PLACED IN .\Objects\receive.obj
COMPILER INVOKED BY: D:\keil51\C51\BIN\C51.EXE receive.c OPTIMIZE(8,SPEED) BROWSE DEBUG OBJECTEXTEND PRINT(.\Listings\re
                    -ceive.lst) TABS(2) OBJECT(.\Objects\receive.obj)

line level    source

   1          #include <reg52.h>
   2          #include <intrins.h>
   3          #include <receive.h>
   4          #include <delay.h>
   5          void display_num(unsigned char num)
   6          {
   7   1          P0 = seg_code[num];  // ????
   8   1          LED_A = 0; LED_B = 0; LED_C = 0; LED_D = 0;  // ?????
   9   1          delay(500);
  10   1          LED_A = 1; LED_B = 1; LED_C = 1; LED_D = 1;  // ?????
  11   1      }
  12          
  13          void receive()
  14          {
  15   1          SCON = 0x50;
  16   1          TMOD = 0x20;
  17   1          TH1 = TL1 = 0xF4;
  18   1          TR1 = 1;
  19   1      
  20   1          while (1)
  21   1          {
  22   2              if (RI)  // ?????
  23   2              {
  24   3                  receive_data = SBUF;
  25   3                  RI = 0;
  26   3                  display_num(receive_data);  // ????????
  27   3              }
  28   2          }
  29   1      }


MODULE INFORMATION:   STATIC OVERLAYABLE
   CODE SIZE        =     60    ----
   CONSTANT SIZE    =   ----    ----
   XDATA SIZE       =   ----    ----
   PDATA SIZE       =   ----    ----
   DATA SIZE        =     17    ----
   IDATA SIZE       =   ----    ----
   BIT SIZE         =   ----    ----
END OF MODULE INFORMATION.


C51 COMPILATION COMPLETE.  0 WARNING(S),  0 ERROR(S)
