C51 COMPILER V9.59.0.0   SEND                                                              06/29/2024 19:54:23 PAGE 1   


C51 COMPILER V9.59.0.0, COMPILATION OF MODULE SEND
OBJECT MODULE PLACED IN .\Objects\send.obj
COMPILER INVOKED BY: D:\Keil_v5\C51\BIN\C51.EXE send.c OPTIMIZE(8,SPEED) BROWSE DEBUG OBJECTEXTEND PRINT(.\Listings\send
                    -.lst) TABS(2) OBJECT(.\Objects\send.obj)

line level    source

   1          #include "send.h"
   2          
   3          
   4          void UART_Init()
   5          {
   6   1        SCON=0x50;
   7   1        PCON |= 0x80;
   8   1        TMOD &= 0x0F;
   9   1        TMOD |= 0x20;
  10   1        TL1 = 0xF3;
  11   1        TH1 = 0xF3;
  12   1        ET1 = 0;
  13   1        TR1 = 1;
  14   1        EA=1;
  15   1        ES=1;
  16   1        PS = 0;
  17   1      }
  18          
  19          void UART_SendByte(unsigned char Byte)
  20          {
  21   1        SBUF=Byte;
  22   1        while(TI==0);
  23   1        TI=0;
  24   1      }
*** WARNING C316 IN LINE 24 OF send.c: unterminated conditionals


MODULE INFORMATION:   STATIC OVERLAYABLE
   CODE SIZE        =     37    ----
   CONSTANT SIZE    =   ----    ----
   XDATA SIZE       =   ----    ----
   PDATA SIZE       =   ----    ----
   DATA SIZE        =   ----    ----
   IDATA SIZE       =   ----    ----
   BIT SIZE         =   ----    ----
END OF MODULE INFORMATION.


C51 COMPILATION COMPLETE.  1 WARNING(S),  0 ERROR(S)
